<?xml version="1.0" encoding="UTF-8"?>
<testsuite name="com.jvision.admin.web.IndexControllerTest" tests="1" skipped="0" failures="0" errors="0" timestamp="2020-10-05T13:17:43" hostname="DESKTOP-79V72LS" time="0.416">
  <properties/>
  <testcase name="메인페이지_로팅" classname="com.jvision.admin.web.IndexControllerTest" time="0.416"/>
  <system-out><![CDATA[22:17:36.277 [Test worker] DEBUG org.springframework.test.context.junit4.SpringJUnit4ClassRunner - SpringJUnit4ClassRunner constructor called with [class com.jvision.admin.web.IndexControllerTest]
22:17:36.286 [Test worker] DEBUG org.springframework.test.context.BootstrapUtils - Instantiating CacheAwareContextLoaderDelegate from class [org.springframework.test.context.cache.DefaultCacheAwareContextLoaderDelegate]
22:17:36.299 [Test worker] DEBUG org.springframework.test.context.BootstrapUtils - Instantiating BootstrapContext using constructor [public org.springframework.test.context.support.DefaultBootstrapContext(java.lang.Class,org.springframework.test.context.CacheAwareContextLoaderDelegate)]
22:17:36.322 [Test worker] DEBUG org.springframework.test.context.BootstrapUtils - Instantiating TestContextBootstrapper for test class [com.jvision.admin.web.IndexControllerTest] from class [org.springframework.boot.test.context.SpringBootTestContextBootstrapper]
22:17:36.341 [Test worker] INFO org.springframework.boot.test.context.SpringBootTestContextBootstrapper - Neither @ContextConfiguration nor @ContextHierarchy found for test class [com.jvision.admin.web.IndexControllerTest], using SpringBootContextLoader
22:17:36.344 [Test worker] DEBUG org.springframework.test.context.support.AbstractContextLoader - Did not detect default resource location for test class [com.jvision.admin.web.IndexControllerTest]: class path resource [com/jvision/admin/web/IndexControllerTest-context.xml] does not exist
22:17:36.345 [Test worker] DEBUG org.springframework.test.context.support.AbstractContextLoader - Did not detect default resource location for test class [com.jvision.admin.web.IndexControllerTest]: class path resource [com/jvision/admin/web/IndexControllerTestContext.groovy] does not exist
22:17:36.345 [Test worker] INFO org.springframework.test.context.support.AbstractContextLoader - Could not detect default resource locations for test class [com.jvision.admin.web.IndexControllerTest]: no resource found for suffixes {-context.xml, Context.groovy}.
22:17:36.346 [Test worker] INFO org.springframework.test.context.support.AnnotationConfigContextLoaderUtils - Could not detect default configuration classes for test class [com.jvision.admin.web.IndexControllerTest]: IndexControllerTest does not declare any static, non-private, non-final, nested classes annotated with @Configuration.
22:17:36.422 [Test worker] DEBUG org.springframework.test.context.support.ActiveProfilesUtils - Could not find an 'annotation declaring class' for annotation type [org.springframework.test.context.ActiveProfiles] and class [com.jvision.admin.web.IndexControllerTest]
22:17:36.547 [Test worker] DEBUG org.springframework.context.annotation.ClassPathScanningCandidateComponentProvider - Identified candidate component class: file [C:\Users\Hong\Downloads\Chapter0303-master\Chapter03\Chapter03\build\classes\java\main\com\jvision\admin\Application.class]
22:17:36.551 [Test worker] INFO org.springframework.boot.test.context.SpringBootTestContextBootstrapper - Found @SpringBootConfiguration com.jvision.admin.Application for test class com.jvision.admin.web.IndexControllerTest
22:17:36.678 [Test worker] DEBUG org.springframework.boot.test.context.SpringBootTestContextBootstrapper - @TestExecutionListeners is not present for class [com.jvision.admin.web.IndexControllerTest]: using defaults.
22:17:36.679 [Test worker] INFO org.springframework.boot.test.context.SpringBootTestContextBootstrapper - Loaded default TestExecutionListener class names from location [META-INF/spring.factories]: [org.springframework.boot.test.autoconfigure.restdocs.RestDocsTestExecutionListener, org.springframework.boot.test.autoconfigure.web.client.MockRestServiceServerResetTestExecutionListener, org.springframework.boot.test.autoconfigure.web.servlet.MockMvcPrintOnlyOnFailureTestExecutionListener, org.springframework.boot.test.autoconfigure.web.servlet.WebDriverTestExecutionListener, org.springframework.boot.test.mock.mockito.MockitoTestExecutionListener, org.springframework.boot.test.mock.mockito.ResetMocksTestExecutionListener, org.springframework.test.context.web.ServletTestExecutionListener, org.springframework.test.context.support.DirtiesContextBeforeModesTestExecutionListener, org.springframework.test.context.support.DependencyInjectionTestExecutionListener, org.springframework.test.context.support.DirtiesContextTestExecutionListener, org.springframework.test.context.transaction.TransactionalTestExecutionListener, org.springframework.test.context.jdbc.SqlScriptsTestExecutionListener]
22:17:36.702 [Test worker] INFO org.springframework.boot.test.context.SpringBootTestContextBootstrapper - Using TestExecutionListeners: [org.springframework.test.context.web.ServletTestExecutionListener@1bb16796, org.springframework.test.context.support.DirtiesContextBeforeModesTestExecutionListener@3d16c936, org.springframework.boot.test.mock.mockito.MockitoTestExecutionListener@451d4cde, org.springframework.boot.test.autoconfigure.SpringBootDependencyInjectionTestExecutionListener@13db18ab, org.springframework.test.context.support.DirtiesContextTestExecutionListener@3c65091, org.springframework.test.context.transaction.TransactionalTestExecutionListener@81276a6, org.springframework.test.context.jdbc.SqlScriptsTestExecutionListener@2746a0c6, org.springframework.boot.test.autoconfigure.restdocs.RestDocsTestExecutionListener@6c13eac5, org.springframework.boot.test.autoconfigure.web.client.MockRestServiceServerResetTestExecutionListener@5d606d0e, org.springframework.boot.test.autoconfigure.web.servlet.MockMvcPrintOnlyOnFailureTestExecutionListener@46dc9742, org.springframework.boot.test.autoconfigure.web.servlet.WebDriverTestExecutionListener@540e5fcf, org.springframework.boot.test.mock.mockito.ResetMocksTestExecutionListener@2738d249]
22:17:36.706 [Test worker] DEBUG org.springframework.test.annotation.ProfileValueUtils - Retrieved @ProfileValueSourceConfiguration [null] for test class [com.jvision.admin.web.IndexControllerTest]
22:17:36.706 [Test worker] DEBUG org.springframework.test.annotation.ProfileValueUtils - Retrieved ProfileValueSource type [class org.springframework.test.annotation.SystemProfileValueSource] for class [com.jvision.admin.web.IndexControllerTest]
22:17:36.710 [Test worker] DEBUG org.springframework.test.annotation.ProfileValueUtils - Retrieved @ProfileValueSourceConfiguration [null] for test class [com.jvision.admin.web.IndexControllerTest]
22:17:36.710 [Test worker] DEBUG org.springframework.test.annotation.ProfileValueUtils - Retrieved ProfileValueSource type [class org.springframework.test.annotation.SystemProfileValueSource] for class [com.jvision.admin.web.IndexControllerTest]
22:17:36.711 [Test worker] DEBUG org.springframework.test.annotation.ProfileValueUtils - Retrieved @ProfileValueSourceConfiguration [null] for test class [com.jvision.admin.web.IndexControllerTest]
22:17:36.711 [Test worker] DEBUG org.springframework.test.annotation.ProfileValueUtils - Retrieved ProfileValueSource type [class org.springframework.test.annotation.SystemProfileValueSource] for class [com.jvision.admin.web.IndexControllerTest]
22:17:36.717 [Test worker] DEBUG org.springframework.test.context.support.AbstractDirtiesContextTestExecutionListener - Before test class: context [DefaultTestContext@196694d5 testClass = IndexControllerTest, testInstance = [null], testMethod = [null], testException = [null], mergedContextConfiguration = [WebMergedContextConfiguration@7792c7e6 testClass = IndexControllerTest, locations = '{}', classes = '{class com.jvision.admin.Application}', contextInitializerClasses = '[]', activeProfiles = '{}', propertySourceLocations = '{}', propertySourceProperties = '{org.springframework.boot.test.context.SpringBootTestContextBootstrapper=true, server.port=0}', contextCustomizers = set[org.springframework.boot.test.autoconfigure.properties.PropertyMappingContextCustomizer@0, org.springframework.boot.test.autoconfigure.web.servlet.WebDriverContextCustomizerFactory$Customizer@1127130c, org.springframework.boot.test.context.filter.ExcludeFilterContextCustomizer@5acd4d8e, org.springframework.boot.test.json.DuplicateJsonObjectContextCustomizerFactory$DuplicateJsonObjectContextCustomizer@f991a04, org.springframework.boot.test.mock.mockito.MockitoContextCustomizer@0, org.springframework.boot.test.web.client.TestRestTemplateContextCustomizer@560d2b59], resourceBasePath = 'src/main/webapp', contextLoader = 'org.springframework.boot.test.context.SpringBootContextLoader', parent = [null]], attributes = map['org.springframework.test.context.web.ServletTestExecutionListener.activateListener' -> false]], class annotated with @DirtiesContext [false] with mode [null].
22:17:36.718 [Test worker] DEBUG org.springframework.test.annotation.ProfileValueUtils - Retrieved @ProfileValueSourceConfiguration [null] for test class [com.jvision.admin.web.IndexControllerTest]
22:17:36.718 [Test worker] DEBUG org.springframework.test.annotation.ProfileValueUtils - Retrieved ProfileValueSource type [class org.springframework.test.annotation.SystemProfileValueSource] for class [com.jvision.admin.web.IndexControllerTest]
22:17:36.724 [Test worker] DEBUG org.springframework.test.context.support.DependencyInjectionTestExecutionListener - Performing dependency injection for test context [[DefaultTestContext@196694d5 testClass = IndexControllerTest, testInstance = com.jvision.admin.web.IndexControllerTest@33ff18e6, testMethod = [null], testException = [null], mergedContextConfiguration = [WebMergedContextConfiguration@7792c7e6 testClass = IndexControllerTest, locations = '{}', classes = '{class com.jvision.admin.Application}', contextInitializerClasses = '[]', activeProfiles = '{}', propertySourceLocations = '{}', propertySourceProperties = '{org.springframework.boot.test.context.SpringBootTestContextBootstrapper=true, server.port=0}', contextCustomizers = set[org.springframework.boot.test.autoconfigure.properties.PropertyMappingContextCustomizer@0, org.springframework.boot.test.autoconfigure.web.servlet.WebDriverContextCustomizerFactory$Customizer@1127130c, org.springframework.boot.test.context.filter.ExcludeFilterContextCustomizer@5acd4d8e, org.springframework.boot.test.json.DuplicateJsonObjectContextCustomizerFactory$DuplicateJsonObjectContextCustomizer@f991a04, org.springframework.boot.test.mock.mockito.MockitoContextCustomizer@0, org.springframework.boot.test.web.client.TestRestTemplateContextCustomizer@560d2b59], resourceBasePath = 'src/main/webapp', contextLoader = 'org.springframework.boot.test.context.SpringBootContextLoader', parent = [null]], attributes = map['org.springframework.test.context.web.ServletTestExecutionListener.activateListener' -> false]]].
22:17:36.754 [Test worker] DEBUG org.springframework.test.context.support.TestPropertySourceUtils - Adding inlined properties to environment: {spring.jmx.enabled=false, org.springframework.boot.test.context.SpringBootTestContextBootstrapper=true, server.port=0}

  .   ____          _            __ _ _
 /\\ / ___'_ __ _ _(_)_ __  __ _ \ \ \ \
( ( )\___ | '_ | '_| | '_ \/ _` | \ \ \ \
 \\/  ___)| |_)| | | | | || (_| |  ) ) ) )
  '  |____| .__|_| |_|_| |_\__, | / / / /
 =========|_|==============|___/=/_/_/_/
 :: Spring Boot ::        (v2.1.7.RELEASE)

2020-10-05 22:17:37.094  INFO 7240 --- [    Test worker] c.jvision.admin.web.IndexControllerTest  : Starting IndexControllerTest on DESKTOP-79V72LS with PID 7240 (started by Hong in C:\Users\Hong\Downloads\Chapter0303-master\Chapter03\Chapter03)
2020-10-05 22:17:37.096  INFO 7240 --- [    Test worker] c.jvision.admin.web.IndexControllerTest  : No active profile set, falling back to default profiles: default
2020-10-05 22:17:38.157  INFO 7240 --- [    Test worker] .s.d.r.c.RepositoryConfigurationDelegate : Bootstrapping Spring Data repositories in DEFAULT mode.
2020-10-05 22:17:38.274  INFO 7240 --- [    Test worker] .s.d.r.c.RepositoryConfigurationDelegate : Finished Spring Data repository scanning in 104ms. Found 1 repository interfaces.
2020-10-05 22:17:38.783  INFO 7240 --- [    Test worker] trationDelegate$BeanPostProcessorChecker : Bean 'org.springframework.transaction.annotation.ProxyTransactionManagementConfiguration' of type [org.springframework.transaction.annotation.ProxyTransactionManagementConfiguration$$EnhancerBySpringCGLIB$$b6e8454] is not eligible for getting processed by all BeanPostProcessors (for example: not eligible for auto-proxying)
2020-10-05 22:17:39.308  INFO 7240 --- [    Test worker] o.s.b.w.embedded.tomcat.TomcatWebServer  : Tomcat initialized with port(s): 0 (http)
2020-10-05 22:17:39.341  INFO 7240 --- [    Test worker] o.apache.catalina.core.StandardService   : Starting service [Tomcat]
2020-10-05 22:17:39.341  INFO 7240 --- [    Test worker] org.apache.catalina.core.StandardEngine  : Starting Servlet engine: [Apache Tomcat/9.0.22]
2020-10-05 22:17:39.489  INFO 7240 --- [    Test worker] o.a.c.c.C.[Tomcat].[localhost].[/]       : Initializing Spring embedded WebApplicationContext
2020-10-05 22:17:39.490  INFO 7240 --- [    Test worker] o.s.web.context.ContextLoader            : Root WebApplicationContext: initialization completed in 2367 ms
2020-10-05 22:17:39.842  INFO 7240 --- [    Test worker] com.zaxxer.hikari.HikariDataSource       : HikariPool-1 - Starting...
2020-10-05 22:17:40.048  INFO 7240 --- [    Test worker] com.zaxxer.hikari.HikariDataSource       : HikariPool-1 - Start completed.
2020-10-05 22:17:40.193  INFO 7240 --- [    Test worker] o.hibernate.jpa.internal.util.LogHelper  : HHH000204: Processing PersistenceUnitInfo [
	name: default
	...]
2020-10-05 22:17:40.296  INFO 7240 --- [    Test worker] org.hibernate.Version                    : HHH000412: Hibernate Core {5.3.10.Final}
2020-10-05 22:17:40.299  INFO 7240 --- [    Test worker] org.hibernate.cfg.Environment            : HHH000206: hibernate.properties not found
2020-10-05 22:17:40.560  INFO 7240 --- [    Test worker] o.hibernate.annotations.common.Version   : HCANN000001: Hibernate Commons Annotations {5.0.4.Final}
2020-10-05 22:17:40.747  INFO 7240 --- [    Test worker] org.hibernate.dialect.Dialect            : HHH000400: Using dialect: org.hibernate.dialect.MySQL5Dialect
Hibernate: drop table if exists posts
Hibernate: create table posts (id bigint not null auto_increment, author varchar(255), content TEXT not null, title varchar(500) not null, primary key (id)) engine=MyISAM
2020-10-05 22:17:41.500  INFO 7240 --- [    Test worker] o.h.t.schema.internal.SchemaCreatorImpl  : HHH000476: Executing import script 'org.hibernate.tool.schema.internal.exec.ScriptSourceInputNonExistentImpl@59e35311'
2020-10-05 22:17:41.504  INFO 7240 --- [    Test worker] j.LocalContainerEntityManagerFactoryBean : Initialized JPA EntityManagerFactory for persistence unit 'default'
2020-10-05 22:17:42.560  INFO 7240 --- [    Test worker] o.s.s.concurrent.ThreadPoolTaskExecutor  : Initializing ExecutorService 'applicationTaskExecutor'
2020-10-05 22:17:42.644  WARN 7240 --- [    Test worker] aWebConfiguration$JpaWebMvcConfiguration : spring.jpa.open-in-view is enabled by default. Therefore, database queries may be performed during view rendering. Explicitly configure spring.jpa.open-in-view to disable this warning
2020-10-05 22:17:42.737  INFO 7240 --- [    Test worker] o.s.b.a.w.s.WelcomePageHandlerMapping    : Adding welcome page template: index
2020-10-05 22:17:43.164  INFO 7240 --- [    Test worker] o.s.b.w.embedded.tomcat.TomcatWebServer  : Tomcat started on port(s): 23010 (http) with context path ''
2020-10-05 22:17:43.167  INFO 7240 --- [    Test worker] c.jvision.admin.web.IndexControllerTest  : Started IndexControllerTest in 6.411 seconds (JVM running for 8.258)
2020-10-05 22:17:43.397  INFO 7240 --- [o-auto-1-exec-1] o.a.c.c.C.[Tomcat].[localhost].[/]       : Initializing Spring DispatcherServlet 'dispatcherServlet'
2020-10-05 22:17:43.398  INFO 7240 --- [o-auto-1-exec-1] o.s.web.servlet.DispatcherServlet        : Initializing Servlet 'dispatcherServlet'
2020-10-05 22:17:43.430  INFO 7240 --- [o-auto-1-exec-1] o.s.web.servlet.DispatcherServlet        : Completed initialization in 32 ms
]]></system-out>
  <system-err><![CDATA[]]></system-err>
</testsuite>
